STATUS | wrapper  | 2018/01/21 14:49:20 | --> Wrapper Started as Console
STATUS | wrapper  | 2018/01/21 14:49:20 | Launching a JVM...
INFO   | jvm 1    | 2018/01/21 14:49:21 | Wrapper (Version 3.2.3) http://wrapper.tanukisoftware.org
INFO   | jvm 1    | 2018/01/21 14:49:21 |   Copyright 1999-2006 Tanuki Software, Inc.  All Rights Reserved.
INFO   | jvm 1    | 2018/01/21 14:49:21 | 
INFO   | jvm 1    | 2018/01/21 14:49:22 | Java Runtime: Oracle Corporation 1.8.0_65 C:\Program Files\Java\jre1.8.0_65
INFO   | jvm 1    | 2018/01/21 14:49:22 |   Heap sizes: current=125952k  free=116551k  max=932352k
INFO   | jvm 1    | 2018/01/21 14:49:22 |     JVM args: -Dactivemq.home=../.. -Dactivemq.base=../.. -Djavax.net.ssl.keyStorePassword=password -Djavax.net.ssl.trustStorePassword=password -Djavax.net.ssl.keyStore=../../conf/broker.ks -Djavax.net.ssl.trustStore=../../conf/broker.ts -Dcom.sun.management.jmxremote -Dorg.apache.activemq.UseDedicatedTaskRunner=true -Djava.util.logging.config.file=logging.properties -Dactivemq.conf=../../conf -Dactivemq.data=../../data -Djava.security.auth.login.config=../../conf/login.config -Xmx1024m -Djava.library.path=../../bin/win64 -Dwrapper.key=zW0_vuZUrS4svEdz -Dwrapper.port=32000 -Dwrapper.jvm.port.min=31000 -Dwrapper.jvm.port.max=31999 -Dwrapper.pid=11428 -Dwrapper.version=3.2.3 -Dwrapper.native_library=wrapper -Dwrapper.cpu.timeout=10 -Dwrapper.jvmid=1
INFO   | jvm 1    | 2018/01/21 14:49:22 | Extensions classpath:
INFO   | jvm 1    | 2018/01/21 14:49:22 |   [..\..\lib,..\..\lib\camel,..\..\lib\optional,..\..\lib\web,..\..\lib\extra]
INFO   | jvm 1    | 2018/01/21 14:49:22 | ACTIVEMQ_HOME: ..\..
INFO   | jvm 1    | 2018/01/21 14:49:22 | ACTIVEMQ_BASE: ..\..
INFO   | jvm 1    | 2018/01/21 14:49:22 | ACTIVEMQ_CONF: ..\..\conf
INFO   | jvm 1    | 2018/01/21 14:49:22 | ACTIVEMQ_DATA: ..\..\data
INFO   | jvm 1    | 2018/01/21 14:49:22 | Loading message broker from: xbean:activemq.xml
INFO   | jvm 1    | 2018/01/21 14:49:22 |  INFO | Refreshing org.apache.activemq.xbean.XBeanBrokerFactory$1@5f115fc4: startup date [Sun Jan 21 14:49:22 CST 2018]; root of context hierarchy
INFO   | jvm 1    | 2018/01/21 14:49:23 |  INFO | Using Persistence Adapter: KahaDBPersistenceAdapter[C:\Users\lenovo\Desktop\apache-activemq-5.15.2\bin\win64\..\..\data\kahadb]
INFO   | jvm 1    | 2018/01/21 14:49:24 |  INFO | PListStore:[C:\Users\lenovo\Desktop\apache-activemq-5.15.2\bin\win64\..\..\data\localhost\tmp_storage] started
INFO   | jvm 1    | 2018/01/21 14:49:24 |  INFO | Apache ActiveMQ 5.15.2 (localhost, ID:DESKTOP-4NI5HM1-55617-1516517364080-0:1) is starting
INFO   | jvm 1    | 2018/01/21 14:49:24 |  INFO | Listening for connections at: tcp://DESKTOP-4NI5HM1:61616?maximumConnections=1000&wireFormat.maxFrameSize=104857600
INFO   | jvm 1    | 2018/01/21 14:49:24 |  INFO | Connector openwire started
INFO   | jvm 1    | 2018/01/21 14:49:24 |  INFO | Listening for connections at: amqp://DESKTOP-4NI5HM1:5672?maximumConnections=1000&wireFormat.maxFrameSize=104857600
INFO   | jvm 1    | 2018/01/21 14:49:24 |  INFO | Connector amqp started
INFO   | jvm 1    | 2018/01/21 14:49:24 |  INFO | Listening for connections at: stomp://DESKTOP-4NI5HM1:61613?maximumConnections=1000&wireFormat.maxFrameSize=104857600
INFO   | jvm 1    | 2018/01/21 14:49:24 |  INFO | Connector stomp started
INFO   | jvm 1    | 2018/01/21 14:49:24 |  INFO | Listening for connections at: mqtt://DESKTOP-4NI5HM1:1883?maximumConnections=1000&wireFormat.maxFrameSize=104857600
INFO   | jvm 1    | 2018/01/21 14:49:24 |  INFO | Connector mqtt started
INFO   | jvm 1    | 2018/01/21 14:49:24 |  WARN | ServletContext@o.e.j.s.ServletContextHandler@7ab907e6{/,null,STARTING} has uncovered http methods for path: /
INFO   | jvm 1    | 2018/01/21 14:49:24 |  INFO | Listening for connections at ws://DESKTOP-4NI5HM1:61614?maximumConnections=1000&wireFormat.maxFrameSize=104857600
INFO   | jvm 1    | 2018/01/21 14:49:24 |  INFO | Connector ws started
INFO   | jvm 1    | 2018/01/21 14:49:24 |  INFO | Apache ActiveMQ 5.15.2 (localhost, ID:DESKTOP-4NI5HM1-55617-1516517364080-0:1) started
INFO   | jvm 1    | 2018/01/21 14:49:24 |  INFO | For help or more information please see: http://activemq.apache.org
INFO   | jvm 1    | 2018/01/21 14:49:24 |  WARN | Store limit is 102400 mb (current store usage is 0 mb). The data directory: C:\Users\lenovo\Desktop\apache-activemq-5.15.2\bin\win64\..\..\data\kahadb only has 57674 mb of usable space. - resetting to maximum available disk space: 57674 mb
INFO   | jvm 1    | 2018/01/21 14:49:25 |  INFO | No Spring WebApplicationInitializer types detected on classpath
INFO   | jvm 1    | 2018/01/21 14:49:26 |  INFO | ActiveMQ WebConsole available at http://0.0.0.0:8161/
INFO   | jvm 1    | 2018/01/21 14:49:26 |  INFO | ActiveMQ Jolokia REST API available at http://0.0.0.0:8161/api/jolokia/
INFO   | jvm 1    | 2018/01/21 14:49:26 |  INFO | Initializing Spring FrameworkServlet 'dispatcher'
INFO   | jvm 1    | 2018/01/21 14:49:26 |  INFO | No Spring WebApplicationInitializer types detected on classpath
INFO   | jvm 1    | 2018/01/21 14:49:26 |  INFO | jolokia-agent: Using policy access restrictor classpath:/jolokia-access.xml
FATAL  | wrapper  | 2018/01/21 21:40:21 | OpenSCManager failed - 拒绝访问。 (0x5)
STATUS | wrapper  | 2018/01/21 21:40:24 | --> Wrapper Started as Console
STATUS | wrapper  | 2018/01/21 21:40:24 | Launching a JVM...
INFO   | jvm 1    | 2018/01/21 21:40:24 | Wrapper (Version 3.2.3) http://wrapper.tanukisoftware.org
INFO   | jvm 1    | 2018/01/21 21:40:24 |   Copyright 1999-2006 Tanuki Software, Inc.  All Rights Reserved.
INFO   | jvm 1    | 2018/01/21 21:40:24 | 
INFO   | jvm 1    | 2018/01/21 21:40:24 | Java Runtime: Oracle Corporation 1.8.0_65 C:\Program Files\Java\jre1.8.0_65
INFO   | jvm 1    | 2018/01/21 21:40:24 |   Heap sizes: current=125952k  free=116582k  max=932352k
INFO   | jvm 1    | 2018/01/21 21:40:24 |     JVM args: -Dactivemq.home=../.. -Dactivemq.base=../.. -Djavax.net.ssl.keyStorePassword=password -Djavax.net.ssl.trustStorePassword=password -Djavax.net.ssl.keyStore=../../conf/broker.ks -Djavax.net.ssl.trustStore=../../conf/broker.ts -Dcom.sun.management.jmxremote -Dorg.apache.activemq.UseDedicatedTaskRunner=true -Djava.util.logging.config.file=logging.properties -Dactivemq.conf=../../conf -Dactivemq.data=../../data -Djava.security.auth.login.config=../../conf/login.config -Xmx1024m -Djava.library.path=../../bin/win64 -Dwrapper.key=5kZGNLqGTEIt3b_T -Dwrapper.port=32000 -Dwrapper.jvm.port.min=31000 -Dwrapper.jvm.port.max=31999 -Dwrapper.pid=11120 -Dwrapper.version=3.2.3 -Dwrapper.native_library=wrapper -Dwrapper.cpu.timeout=10 -Dwrapper.jvmid=1
INFO   | jvm 1    | 2018/01/21 21:40:24 | Extensions classpath:
INFO   | jvm 1    | 2018/01/21 21:40:24 |   [..\..\lib,..\..\lib\camel,..\..\lib\optional,..\..\lib\web,..\..\lib\extra]
INFO   | jvm 1    | 2018/01/21 21:40:24 | ACTIVEMQ_HOME: ..\..
INFO   | jvm 1    | 2018/01/21 21:40:24 | ACTIVEMQ_BASE: ..\..
INFO   | jvm 1    | 2018/01/21 21:40:24 | ACTIVEMQ_CONF: ..\..\conf
INFO   | jvm 1    | 2018/01/21 21:40:24 | ACTIVEMQ_DATA: ..\..\data
INFO   | jvm 1    | 2018/01/21 21:40:25 | Loading message broker from: xbean:activemq.xml
INFO   | jvm 1    | 2018/01/21 21:40:25 |  INFO | Refreshing org.apache.activemq.xbean.XBeanBrokerFactory$1@5f115fc4: startup date [Sun Jan 21 21:40:25 CST 2018]; root of context hierarchy
INFO   | jvm 1    | 2018/01/21 21:40:26 |  INFO | Using Persistence Adapter: KahaDBPersistenceAdapter[C:\Users\lenovo\Desktop\apache-activemq-5.15.2\bin\win64\..\..\data\kahadb]
INFO   | jvm 1    | 2018/01/21 21:40:26 |  INFO | KahaDB is version 6
INFO   | jvm 1    | 2018/01/21 21:40:26 |  INFO | PListStore:[C:\Users\lenovo\Desktop\apache-activemq-5.15.2\bin\win64\..\..\data\localhost\tmp_storage] started
INFO   | jvm 1    | 2018/01/21 21:40:26 |  INFO | Apache ActiveMQ 5.15.2 (localhost, ID:DESKTOP-4NI5HM1-53254-1516542026258-0:1) is starting
INFO   | jvm 1    | 2018/01/21 21:40:26 |  INFO | Listening for connections at: tcp://DESKTOP-4NI5HM1:61616?maximumConnections=1000&wireFormat.maxFrameSize=104857600
INFO   | jvm 1    | 2018/01/21 21:40:26 |  INFO | Connector openwire started
INFO   | jvm 1    | 2018/01/21 21:40:26 |  INFO | Listening for connections at: amqp://DESKTOP-4NI5HM1:5672?maximumConnections=1000&wireFormat.maxFrameSize=104857600
INFO   | jvm 1    | 2018/01/21 21:40:26 |  INFO | Connector amqp started
INFO   | jvm 1    | 2018/01/21 21:40:26 |  INFO | Listening for connections at: stomp://DESKTOP-4NI5HM1:61613?maximumConnections=1000&wireFormat.maxFrameSize=104857600
INFO   | jvm 1    | 2018/01/21 21:40:26 |  INFO | Connector stomp started
INFO   | jvm 1    | 2018/01/21 21:40:26 |  INFO | Listening for connections at: mqtt://DESKTOP-4NI5HM1:1883?maximumConnections=1000&wireFormat.maxFrameSize=104857600
INFO   | jvm 1    | 2018/01/21 21:40:26 |  INFO | Connector mqtt started
INFO   | jvm 1    | 2018/01/21 21:40:26 |  WARN | ServletContext@o.e.j.s.ServletContextHandler@bdf1550{/,null,STARTING} has uncovered http methods for path: /
INFO   | jvm 1    | 2018/01/21 21:40:26 |  INFO | Listening for connections at ws://DESKTOP-4NI5HM1:61614?maximumConnections=1000&wireFormat.maxFrameSize=104857600
INFO   | jvm 1    | 2018/01/21 21:40:26 |  INFO | Connector ws started
INFO   | jvm 1    | 2018/01/21 21:40:26 |  INFO | Apache ActiveMQ 5.15.2 (localhost, ID:DESKTOP-4NI5HM1-53254-1516542026258-0:1) started
INFO   | jvm 1    | 2018/01/21 21:40:26 |  INFO | For help or more information please see: http://activemq.apache.org
INFO   | jvm 1    | 2018/01/21 21:40:26 |  WARN | Store limit is 102400 mb (current store usage is 0 mb). The data directory: C:\Users\lenovo\Desktop\apache-activemq-5.15.2\bin\win64\..\..\data\kahadb only has 56325 mb of usable space. - resetting to maximum available disk space: 56325 mb
INFO   | jvm 1    | 2018/01/21 21:40:27 |  INFO | No Spring WebApplicationInitializer types detected on classpath
INFO   | jvm 1    | 2018/01/21 21:40:27 |  INFO | ActiveMQ WebConsole available at http://0.0.0.0:8161/
INFO   | jvm 1    | 2018/01/21 21:40:27 |  INFO | ActiveMQ Jolokia REST API available at http://0.0.0.0:8161/api/jolokia/
INFO   | jvm 1    | 2018/01/21 21:40:27 |  INFO | Initializing Spring FrameworkServlet 'dispatcher'
INFO   | jvm 1    | 2018/01/21 21:40:28 |  INFO | No Spring WebApplicationInitializer types detected on classpath
INFO   | jvm 1    | 2018/01/21 21:40:28 |  INFO | jolokia-agent: Using policy access restrictor classpath:/jolokia-access.xml
INFO   | jvm 1    | 2018/01/21 22:32:55 |  WARN | Transport Connection to: tcp://127.0.0.1:53265 failed: java.net.SocketException: Connection reset
INFO   | jvm 1    | 2018/01/21 22:33:44 |  WARN | Transport Connection to: tcp://127.0.0.1:53267 failed: java.net.SocketException: Connection reset
INFO   | jvm 1    | 2018/01/21 22:33:46 |  WARN | Transport Connection to: tcp://127.0.0.1:53349 failed: java.net.SocketException: Connection reset
STATUS | wrapper  | 2018/01/21 22:57:28 | --> Wrapper Started as Console
STATUS | wrapper  | 2018/01/21 22:57:29 | Launching a JVM...
INFO   | jvm 1    | 2018/01/21 22:57:29 | Wrapper (Version 3.2.3) http://wrapper.tanukisoftware.org
INFO   | jvm 1    | 2018/01/21 22:57:29 |   Copyright 1999-2006 Tanuki Software, Inc.  All Rights Reserved.
INFO   | jvm 1    | 2018/01/21 22:57:29 | 
INFO   | jvm 1    | 2018/01/21 22:57:29 | Java Runtime: Oracle Corporation 1.8.0_65 C:\Program Files\Java\jre1.8.0_65
INFO   | jvm 1    | 2018/01/21 22:57:29 |   Heap sizes: current=125952k  free=116582k  max=932352k
INFO   | jvm 1    | 2018/01/21 22:57:29 |     JVM args: -Dactivemq.home=../.. -Dactivemq.base=../.. -Djavax.net.ssl.keyStorePassword=password -Djavax.net.ssl.trustStorePassword=password -Djavax.net.ssl.keyStore=../../conf/broker.ks -Djavax.net.ssl.trustStore=../../conf/broker.ts -Dcom.sun.management.jmxremote -Dorg.apache.activemq.UseDedicatedTaskRunner=true -Djava.util.logging.config.file=logging.properties -Dactivemq.conf=../../conf -Dactivemq.data=../../data -Djava.security.auth.login.config=../../conf/login.config -Xmx1024m -Djava.library.path=../../bin/win64 -Dwrapper.key=hWn21OGK0xhVvpyc -Dwrapper.port=32000 -Dwrapper.jvm.port.min=31000 -Dwrapper.jvm.port.max=31999 -Dwrapper.pid=7668 -Dwrapper.version=3.2.3 -Dwrapper.native_library=wrapper -Dwrapper.cpu.timeout=10 -Dwrapper.jvmid=1
INFO   | jvm 1    | 2018/01/21 22:57:29 | Extensions classpath:
INFO   | jvm 1    | 2018/01/21 22:57:29 |   [..\..\lib,..\..\lib\camel,..\..\lib\optional,..\..\lib\web,..\..\lib\extra]
INFO   | jvm 1    | 2018/01/21 22:57:29 | ACTIVEMQ_HOME: ..\..
INFO   | jvm 1    | 2018/01/21 22:57:29 | ACTIVEMQ_BASE: ..\..
INFO   | jvm 1    | 2018/01/21 22:57:29 | ACTIVEMQ_CONF: ..\..\conf
INFO   | jvm 1    | 2018/01/21 22:57:29 | ACTIVEMQ_DATA: ..\..\data
INFO   | jvm 1    | 2018/01/21 22:57:29 | Loading message broker from: xbean:activemq.xml
INFO   | jvm 1    | 2018/01/21 22:57:29 |  INFO | Refreshing org.apache.activemq.xbean.XBeanBrokerFactory$1@1430da72: startup date [Sun Jan 21 22:57:29 CST 2018]; root of context hierarchy
INFO   | jvm 1    | 2018/01/21 22:57:30 | ERROR | Failed to load: class path resource [activemq.xml], reason: Line 132 in XML document from class path resource [activemq.xml] is invalid; nested exception is org.xml.sax.SAXParseException; lineNumber: 132; columnNumber: 5; 元素类型 "plugins" 必须由匹配的结束标记 "</plugins>" 终止。
INFO   | jvm 1    | 2018/01/21 22:57:30 | org.springframework.beans.factory.xml.XmlBeanDefinitionStoreException: Line 132 in XML document from class path resource [activemq.xml] is invalid; nested exception is org.xml.sax.SAXParseException; lineNumber: 132; columnNumber: 5; 元素类型 "plugins" 必须由匹配的结束标记 "</plugins>" 终止。
INFO   | jvm 1    | 2018/01/21 22:57:30 | 	at org.springframework.beans.factory.xml.XmlBeanDefinitionReader.doLoadBeanDefinitions(XmlBeanDefinitionReader.java:399)[spring-beans-4.3.9.RELEASE.jar:4.3.9.RELEASE]
INFO   | jvm 1    | 2018/01/21 22:57:30 | 	at org.springframework.beans.factory.xml.XmlBeanDefinitionReader.loadBeanDefinitions(XmlBeanDefinitionReader.java:336)[spring-beans-4.3.9.RELEASE.jar:4.3.9.RELEASE]
INFO   | jvm 1    | 2018/01/21 22:57:30 | 	at org.springframework.beans.factory.xml.XmlBeanDefinitionReader.loadBeanDefinitions(XmlBeanDefinitionReader.java:304)[spring-beans-4.3.9.RELEASE.jar:4.3.9.RELEASE]
INFO   | jvm 1    | 2018/01/21 22:57:30 | 	at org.apache.xbean.spring.context.ResourceXmlApplicationContext.loadBeanDefinitions(ResourceXmlApplicationContext.java:111)[xbean-spring-4.2.jar:4.2]
INFO   | jvm 1    | 2018/01/21 22:57:30 | 	at org.apache.xbean.spring.context.ResourceXmlApplicationContext.loadBeanDefinitions(ResourceXmlApplicationContext.java:104)[xbean-spring-4.2.jar:4.2]
INFO   | jvm 1    | 2018/01/21 22:57:30 | 	at org.springframework.context.support.AbstractRefreshableApplicationContext.refreshBeanFactory(AbstractRefreshableApplicationContext.java:129)[spring-context-4.3.9.RELEASE.jar:4.3.9.RELEASE]
INFO   | jvm 1    | 2018/01/21 22:57:30 | 	at org.springframework.context.support.AbstractApplicationContext.obtainFreshBeanFactory(AbstractApplicationContext.java:614)[spring-context-4.3.9.RELEASE.jar:4.3.9.RELEASE]
INFO   | jvm 1    | 2018/01/21 22:57:30 | 	at org.springframework.context.support.AbstractApplicationContext.refresh(AbstractApplicationContext.java:515)[spring-context-4.3.9.RELEASE.jar:4.3.9.RELEASE]
INFO   | jvm 1    | 2018/01/21 22:57:30 | 	at org.apache.xbean.spring.context.ResourceXmlApplicationContext.<init>(ResourceXmlApplicationContext.java:64)[xbean-spring-4.2.jar:4.2]
INFO   | jvm 1    | 2018/01/21 22:57:30 | 	at org.apache.xbean.spring.context.ResourceXmlApplicationContext.<init>(ResourceXmlApplicationContext.java:52)[xbean-spring-4.2.jar:4.2]
INFO   | jvm 1    | 2018/01/21 22:57:30 | 	at org.apache.activemq.xbean.XBeanBrokerFactory$1.<init>(XBeanBrokerFactory.java:104)[activemq-spring-5.15.2.jar:5.15.2]
INFO   | jvm 1    | 2018/01/21 22:57:30 | 	at org.apache.activemq.xbean.XBeanBrokerFactory.createApplicationContext(XBeanBrokerFactory.java:104)[activemq-spring-5.15.2.jar:5.15.2]
INFO   | jvm 1    | 2018/01/21 22:57:30 | 	at org.apache.activemq.xbean.XBeanBrokerFactory.createBroker(XBeanBrokerFactory.java:67)[activemq-spring-5.15.2.jar:5.15.2]
INFO   | jvm 1    | 2018/01/21 22:57:30 | 	at org.apache.activemq.broker.BrokerFactory.createBroker(BrokerFactory.java:71)[activemq-broker-5.15.2.jar:5.15.2]
INFO   | jvm 1    | 2018/01/21 22:57:30 | 	at org.apache.activemq.broker.BrokerFactory.createBroker(BrokerFactory.java:54)[activemq-broker-5.15.2.jar:5.15.2]
INFO   | jvm 1    | 2018/01/21 22:57:30 | 	at org.apache.activemq.console.command.StartCommand.runTask(StartCommand.java:87)[activemq-console-5.15.2.jar:5.15.2]
INFO   | jvm 1    | 2018/01/21 22:57:30 | 	at org.apache.activemq.console.command.AbstractCommand.execute(AbstractCommand.java:63)[activemq-console-5.15.2.jar:5.15.2]
INFO   | jvm 1    | 2018/01/21 22:57:30 | 	at org.apache.activemq.console.command.ShellCommand.runTask(ShellCommand.java:154)[activemq-console-5.15.2.jar:5.15.2]
INFO   | jvm 1    | 2018/01/21 22:57:30 | 	at org.apache.activemq.console.command.AbstractCommand.execute(AbstractCommand.java:63)[activemq-console-5.15.2.jar:5.15.2]
INFO   | jvm 1    | 2018/01/21 22:57:30 | 	at org.apache.activemq.console.command.ShellCommand.main(ShellCommand.java:104)[activemq-console-5.15.2.jar:5.15.2]
INFO   | jvm 1    | 2018/01/21 22:57:30 | 	at sun.reflect.NativeMethodAccessorImpl.invoke0(Native Method)[:1.8.0_65]
INFO   | jvm 1    | 2018/01/21 22:57:30 | 	at sun.reflect.NativeMethodAccessorImpl.invoke(Unknown Source)[:1.8.0_65]
INFO   | jvm 1    | 2018/01/21 22:57:30 | 	at sun.reflect.DelegatingMethodAccessorImpl.invoke(Unknown Source)[:1.8.0_65]
INFO   | jvm 1    | 2018/01/21 22:57:30 | 	at java.lang.reflect.Method.invoke(Unknown Source)[:1.8.0_65]
INFO   | jvm 1    | 2018/01/21 22:57:30 | 	at org.apache.activemq.console.Main.runTaskClass(Main.java:262)[activemq.jar:5.15.2]
INFO   | jvm 1    | 2018/01/21 22:57:30 | 	at org.apache.activemq.console.Main.main(Main.java:115)[activemq.jar:5.15.2]
INFO   | jvm 1    | 2018/01/21 22:57:30 | 	at sun.reflect.NativeMethodAccessorImpl.invoke0(Native Method)[:1.8.0_65]
INFO   | jvm 1    | 2018/01/21 22:57:30 | 	at sun.reflect.NativeMethodAccessorImpl.invoke(Unknown Source)[:1.8.0_65]
INFO   | jvm 1    | 2018/01/21 22:57:30 | 	at sun.reflect.DelegatingMethodAccessorImpl.invoke(Unknown Source)[:1.8.0_65]
INFO   | jvm 1    | 2018/01/21 22:57:30 | 	at java.lang.reflect.Method.invoke(Unknown Source)[:1.8.0_65]
INFO   | jvm 1    | 2018/01/21 22:57:30 | 	at org.tanukisoftware.wrapper.WrapperSimpleApp.run(WrapperSimpleApp.java:240)[wrapper.jar:3.2.3]
INFO   | jvm 1    | 2018/01/21 22:57:30 | 	at java.lang.Thread.run(Unknown Source)[:1.8.0_65]
INFO   | jvm 1    | 2018/01/21 22:57:30 | ERROR: java.lang.RuntimeException: Failed to execute start task. Reason: org.springframework.beans.factory.xml.XmlBeanDefinitionStoreException: Line 132 in XML document from class path resource [activemq.xml] is invalid; nested exception is org.xml.sax.SAXParseException; lineNumber: 132; columnNumber: 5; 元素类型 "plugins" 必须由匹配的结束标记 "</plugins>" 终止。
INFO   | jvm 1    | 2018/01/21 22:57:30 | java.lang.RuntimeException: Failed to execute start task. Reason: org.springframework.beans.factory.xml.XmlBeanDefinitionStoreException: Line 132 in XML document from class path resource [activemq.xml] is invalid; nested exception is org.xml.sax.SAXParseException; lineNumber: 132; columnNumber: 5; 元素类型 "plugins" 必须由匹配的结束标记 "</plugins>" 终止。
INFO   | jvm 1    | 2018/01/21 22:57:30 | 	at org.apache.activemq.console.command.StartCommand.runTask(StartCommand.java:91)
INFO   | jvm 1    | 2018/01/21 22:57:30 | 	at org.apache.activemq.console.command.AbstractCommand.execute(AbstractCommand.java:63)
INFO   | jvm 1    | 2018/01/21 22:57:30 | 	at org.apache.activemq.console.command.ShellCommand.runTask(ShellCommand.java:154)
INFO   | jvm 1    | 2018/01/21 22:57:30 | 	at org.apache.activemq.console.command.AbstractCommand.execute(AbstractCommand.java:63)
INFO   | jvm 1    | 2018/01/21 22:57:30 | 	at org.apache.activemq.console.command.ShellCommand.main(ShellCommand.java:104)
INFO   | jvm 1    | 2018/01/21 22:57:30 | 	at sun.reflect.NativeMethodAccessorImpl.invoke0(Native Method)
INFO   | jvm 1    | 2018/01/21 22:57:30 | 	at sun.reflect.NativeMethodAccessorImpl.invoke(Unknown Source)
INFO   | jvm 1    | 2018/01/21 22:57:30 | 	at sun.reflect.DelegatingMethodAccessorImpl.invoke(Unknown Source)
INFO   | jvm 1    | 2018/01/21 22:57:30 | 	at java.lang.reflect.Method.invoke(Unknown Source)
INFO   | jvm 1    | 2018/01/21 22:57:30 | 	at org.apache.activemq.console.Main.runTaskClass(Main.java:262)
INFO   | jvm 1    | 2018/01/21 22:57:30 | 	at org.apache.activemq.console.Main.main(Main.java:115)
INFO   | jvm 1    | 2018/01/21 22:57:30 | 	at sun.reflect.NativeMethodAccessorImpl.invoke0(Native Method)
INFO   | jvm 1    | 2018/01/21 22:57:30 | 	at sun.reflect.NativeMethodAccessorImpl.invoke(Unknown Source)
INFO   | jvm 1    | 2018/01/21 22:57:30 | 	at sun.reflect.DelegatingMethodAccessorImpl.invoke(Unknown Source)
INFO   | jvm 1    | 2018/01/21 22:57:30 | 	at java.lang.reflect.Method.invoke(Unknown Source)
INFO   | jvm 1    | 2018/01/21 22:57:30 | 	at org.tanukisoftware.wrapper.WrapperSimpleApp.run(WrapperSimpleApp.java:240)
INFO   | jvm 1    | 2018/01/21 22:57:30 | 	at java.lang.Thread.run(Unknown Source)
INFO   | jvm 1    | 2018/01/21 22:57:30 | Caused by: org.springframework.beans.factory.xml.XmlBeanDefinitionStoreException: Line 132 in XML document from class path resource [activemq.xml] is invalid; nested exception is org.xml.sax.SAXParseException; lineNumber: 132; columnNumber: 5; 元素类型 "plugins" 必须由匹配的结束标记 "</plugins>" 终止。
INFO   | jvm 1    | 2018/01/21 22:57:30 | 	at org.springframework.beans.factory.xml.XmlBeanDefinitionReader.doLoadBeanDefinitions(XmlBeanDefinitionReader.java:399)
INFO   | jvm 1    | 2018/01/21 22:57:30 | 	at org.springframework.beans.factory.xml.XmlBeanDefinitionReader.loadBeanDefinitions(XmlBeanDefinitionReader.java:336)
INFO   | jvm 1    | 2018/01/21 22:57:30 | 	at org.springframework.beans.factory.xml.XmlBeanDefinitionReader.loadBeanDefinitions(XmlBeanDefinitionReader.java:304)
INFO   | jvm 1    | 2018/01/21 22:57:30 | 	at org.apache.xbean.spring.context.ResourceXmlApplicationContext.loadBeanDefinitions(ResourceXmlApplicationContext.java:111)
INFO   | jvm 1    | 2018/01/21 22:57:30 | 	at org.apache.xbean.spring.context.ResourceXmlApplicationContext.loadBeanDefinitions(ResourceXmlApplicationContext.java:104)
INFO   | jvm 1    | 2018/01/21 22:57:30 | 	at org.springframework.context.support.AbstractRefreshableApplicationContext.refreshBeanFactory(AbstractRefreshableApplicationContext.java:129)
INFO   | jvm 1    | 2018/01/21 22:57:30 | 	at org.springframework.context.support.AbstractApplicationContext.obtainFreshBeanFactory(AbstractApplicationContext.java:614)
INFO   | jvm 1    | 2018/01/21 22:57:30 | 	at org.springframework.context.support.AbstractApplicationContext.refresh(AbstractApplicationContext.java:515)
INFO   | jvm 1    | 2018/01/21 22:57:30 | 	at org.apache.xbean.spring.context.ResourceXmlApplicationContext.<init>(ResourceXmlApplicationContext.java:64)
INFO   | jvm 1    | 2018/01/21 22:57:30 | 	at org.apache.xbean.spring.context.ResourceXmlApplicationContext.<init>(ResourceXmlApplicationContext.java:52)
INFO   | jvm 1    | 2018/01/21 22:57:30 | 	at org.apache.activemq.xbean.XBeanBrokerFactory$1.<init>(XBeanBrokerFactory.java:104)
INFO   | jvm 1    | 2018/01/21 22:57:30 | 	at org.apache.activemq.xbean.XBeanBrokerFactory.createApplicationContext(XBeanBrokerFactory.java:104)
INFO   | jvm 1    | 2018/01/21 22:57:30 | 	at org.apache.activemq.xbean.XBeanBrokerFactory.createBroker(XBeanBrokerFactory.java:67)
INFO   | jvm 1    | 2018/01/21 22:57:30 | 	at org.apache.activemq.broker.BrokerFactory.createBroker(BrokerFactory.java:71)
INFO   | jvm 1    | 2018/01/21 22:57:30 | 	at org.apache.activemq.broker.BrokerFactory.createBroker(BrokerFactory.java:54)
INFO   | jvm 1    | 2018/01/21 22:57:30 | 	at org.apache.activemq.console.command.StartCommand.runTask(StartCommand.java:87)
INFO   | jvm 1    | 2018/01/21 22:57:30 | 	... 16 more
INFO   | jvm 1    | 2018/01/21 22:57:30 | Caused by: org.xml.sax.SAXParseException; lineNumber: 132; columnNumber: 5; 元素类型 "plugins" 必须由匹配的结束标记 "</plugins>" 终止。
INFO   | jvm 1    | 2018/01/21 22:57:30 | 	at com.sun.org.apache.xerces.internal.util.ErrorHandlerWrapper.createSAXParseException(Unknown Source)
INFO   | jvm 1    | 2018/01/21 22:57:30 | 	at com.sun.org.apache.xerces.internal.util.ErrorHandlerWrapper.fatalError(Unknown Source)
INFO   | jvm 1    | 2018/01/21 22:57:30 | 	at com.sun.org.apache.xerces.internal.impl.XMLErrorReporter.reportError(Unknown Source)
INFO   | jvm 1    | 2018/01/21 22:57:30 | 	at com.sun.org.apache.xerces.internal.impl.XMLErrorReporter.reportError(Unknown Source)
INFO   | jvm 1    | 2018/01/21 22:57:30 | 	at com.sun.org.apache.xerces.internal.impl.XMLScanner.reportFatalError(Unknown Source)
INFO   | jvm 1    | 2018/01/21 22:57:30 | 	at com.sun.org.apache.xerces.internal.impl.XMLDocumentFragmentScannerImpl.scanEndElement(Unknown Source)
INFO   | jvm 1    | 2018/01/21 22:57:30 | 	at com.sun.org.apache.xerces.internal.impl.XMLDocumentFragmentScannerImpl$FragmentContentDriver.next(Unknown Source)
INFO   | jvm 1    | 2018/01/21 22:57:30 | 	at com.sun.org.apache.xerces.internal.impl.XMLDocumentScannerImpl.next(Unknown Source)
INFO   | jvm 1    | 2018/01/21 22:57:30 | 	at com.sun.org.apache.xerces.internal.impl.XMLNSDocumentScannerImpl.next(Unknown Source)
INFO   | jvm 1    | 2018/01/21 22:57:30 | 	at com.sun.org.apache.xerces.internal.impl.XMLDocumentFragmentScannerImpl.scanDocument(Unknown Source)
INFO   | jvm 1    | 2018/01/21 22:57:30 | 	at com.sun.org.apache.xerces.internal.parsers.XML11Configuration.parse(Unknown Source)
INFO   | jvm 1    | 2018/01/21 22:57:30 | 	at com.sun.org.apache.xerces.internal.parsers.XML11Configuration.parse(Unknown Source)
INFO   | jvm 1    | 2018/01/21 22:57:30 | 	at com.sun.org.apache.xerces.internal.parsers.XMLParser.parse(Unknown Source)
INFO   | jvm 1    | 2018/01/21 22:57:30 | 	at com.sun.org.apache.xerces.internal.parsers.DOMParser.parse(Unknown Source)
INFO   | jvm 1    | 2018/01/21 22:57:30 | 	at com.sun.org.apache.xerces.internal.jaxp.DocumentBuilderImpl.parse(Unknown Source)
INFO   | jvm 1    | 2018/01/21 22:57:30 | 	at org.springframework.beans.factory.xml.DefaultDocumentLoader.loadDocument(DefaultDocumentLoader.java:76)
INFO   | jvm 1    | 2018/01/21 22:57:30 | 	at org.springframework.beans.factory.xml.XmlBeanDefinitionReader.doLoadDocument(XmlBeanDefinitionReader.java:429)
INFO   | jvm 1    | 2018/01/21 22:57:30 | 	at org.springframework.beans.factory.xml.XmlBeanDefinitionReader.doLoadBeanDefinitions(XmlBeanDefinitionReader.java:391)
INFO   | jvm 1    | 2018/01/21 22:57:30 | 	... 31 more
INFO   | jvm 1    | 2018/01/21 22:57:30 | ERROR: org.springframework.beans.factory.xml.XmlBeanDefinitionStoreException: Line 132 in XML document from class path resource [activemq.xml] is invalid; nested exception is org.xml.sax.SAXParseException; lineNumber: 132; columnNumber: 5; 元素类型 "plugins" 必须由匹配的结束标记 "</plugins>" 终止。
INFO   | jvm 1    | 2018/01/21 22:57:30 | org.springframework.beans.factory.xml.XmlBeanDefinitionStoreException: Line 132 in XML document from class path resource [activemq.xml] is invalid; nested exception is org.xml.sax.SAXParseException; lineNumber: 132; columnNumber: 5; 元素类型 "plugins" 必须由匹配的结束标记 "</plugins>" 终止。
INFO   | jvm 1    | 2018/01/21 22:57:30 | 	at org.springframework.beans.factory.xml.XmlBeanDefinitionReader.doLoadBeanDefinitions(XmlBeanDefinitionReader.java:399)
INFO   | jvm 1    | 2018/01/21 22:57:30 | 	at org.springframework.beans.factory.xml.XmlBeanDefinitionReader.loadBeanDefinitions(XmlBeanDefinitionReader.java:336)
INFO   | jvm 1    | 2018/01/21 22:57:30 | 	at org.springframework.beans.factory.xml.XmlBeanDefinitionReader.loadBeanDefinitions(XmlBeanDefinitionReader.java:304)
INFO   | jvm 1    | 2018/01/21 22:57:30 | 	at org.apache.xbean.spring.context.ResourceXmlApplicationContext.loadBeanDefinitions(ResourceXmlApplicationContext.java:111)
INFO   | jvm 1    | 2018/01/21 22:57:30 | 	at org.apache.xbean.spring.context.ResourceXmlApplicationContext.loadBeanDefinitions(ResourceXmlApplicationContext.java:104)
INFO   | jvm 1    | 2018/01/21 22:57:30 | 	at org.springframework.context.support.AbstractRefreshableApplicationContext.refreshBeanFactory(AbstractRefreshableApplicationContext.java:129)
INFO   | jvm 1    | 2018/01/21 22:57:30 | 	at org.springframework.context.support.AbstractApplicationContext.obtainFreshBeanFactory(AbstractApplicationContext.java:614)
INFO   | jvm 1    | 2018/01/21 22:57:30 | 	at org.springframework.context.support.AbstractApplicationContext.refresh(AbstractApplicationContext.java:515)
INFO   | jvm 1    | 2018/01/21 22:57:30 | 	at org.apache.xbean.spring.context.ResourceXmlApplicationContext.<init>(ResourceXmlApplicationContext.java:64)
INFO   | jvm 1    | 2018/01/21 22:57:30 | 	at org.apache.xbean.spring.context.ResourceXmlApplicationContext.<init>(ResourceXmlApplicationContext.java:52)
INFO   | jvm 1    | 2018/01/21 22:57:30 | 	at org.apache.activemq.xbean.XBeanBrokerFactory$1.<init>(XBeanBrokerFactory.java:104)
INFO   | jvm 1    | 2018/01/21 22:57:30 | 	at org.apache.activemq.xbean.XBeanBrokerFactory.createApplicationContext(XBeanBrokerFactory.java:104)
INFO   | jvm 1    | 2018/01/21 22:57:30 | 	at org.apache.activemq.xbean.XBeanBrokerFactory.createBroker(XBeanBrokerFactory.java:67)
INFO   | jvm 1    | 2018/01/21 22:57:30 | 	at org.apache.activemq.broker.BrokerFactory.createBroker(BrokerFactory.java:71)
INFO   | jvm 1    | 2018/01/21 22:57:30 | 	at org.apache.activemq.broker.BrokerFactory.createBroker(BrokerFactory.java:54)
INFO   | jvm 1    | 2018/01/21 22:57:30 | 	at org.apache.activemq.console.command.StartCommand.runTask(StartCommand.java:87)
INFO   | jvm 1    | 2018/01/21 22:57:30 | 	at org.apache.activemq.console.command.AbstractCommand.execute(AbstractCommand.java:63)
INFO   | jvm 1    | 2018/01/21 22:57:30 | 	at org.apache.activemq.console.command.ShellCommand.runTask(ShellCommand.java:154)
INFO   | jvm 1    | 2018/01/21 22:57:30 | 	at org.apache.activemq.console.command.AbstractCommand.execute(AbstractCommand.java:63)
INFO   | jvm 1    | 2018/01/21 22:57:30 | 	at org.apache.activemq.console.command.ShellCommand.main(ShellCommand.java:104)
INFO   | jvm 1    | 2018/01/21 22:57:30 | 	at sun.reflect.NativeMethodAccessorImpl.invoke0(Native Method)
INFO   | jvm 1    | 2018/01/21 22:57:30 | 	at sun.reflect.NativeMethodAccessorImpl.invoke(Unknown Source)
INFO   | jvm 1    | 2018/01/21 22:57:30 | 	at sun.reflect.DelegatingMethodAccessorImpl.invoke(Unknown Source)
INFO   | jvm 1    | 2018/01/21 22:57:30 | 	at java.lang.reflect.Method.invoke(Unknown Source)
INFO   | jvm 1    | 2018/01/21 22:57:30 | 	at org.apache.activemq.console.Main.runTaskClass(Main.java:262)
INFO   | jvm 1    | 2018/01/21 22:57:30 | 	at org.apache.activemq.console.Main.main(Main.java:115)
INFO   | jvm 1    | 2018/01/21 22:57:30 | 	at sun.reflect.NativeMethodAccessorImpl.invoke0(Native Method)
INFO   | jvm 1    | 2018/01/21 22:57:30 | 	at sun.reflect.NativeMethodAccessorImpl.invoke(Unknown Source)
INFO   | jvm 1    | 2018/01/21 22:57:30 | 	at sun.reflect.DelegatingMethodAccessorImpl.invoke(Unknown Source)
INFO   | jvm 1    | 2018/01/21 22:57:30 | 	at java.lang.reflect.Method.invoke(Unknown Source)
INFO   | jvm 1    | 2018/01/21 22:57:30 | 	at org.tanukisoftware.wrapper.WrapperSimpleApp.run(WrapperSimpleApp.java:240)
INFO   | jvm 1    | 2018/01/21 22:57:30 | 	at java.lang.Thread.run(Unknown Source)
INFO   | jvm 1    | 2018/01/21 22:57:30 | Caused by: org.xml.sax.SAXParseException; lineNumber: 132; columnNumber: 5; 元素类型 "plugins" 必须由匹配的结束标记 "</plugins>" 终止。
INFO   | jvm 1    | 2018/01/21 22:57:30 | 	at com.sun.org.apache.xerces.internal.util.ErrorHandlerWrapper.createSAXParseException(Unknown Source)
INFO   | jvm 1    | 2018/01/21 22:57:30 | 	at com.sun.org.apache.xerces.internal.util.ErrorHandlerWrapper.fatalError(Unknown Source)
INFO   | jvm 1    | 2018/01/21 22:57:30 | 	at com.sun.org.apache.xerces.internal.impl.XMLErrorReporter.reportError(Unknown Source)
INFO   | jvm 1    | 2018/01/21 22:57:30 | 	at com.sun.org.apache.xerces.internal.impl.XMLErrorReporter.reportError(Unknown Source)
INFO   | jvm 1    | 2018/01/21 22:57:30 | 	at com.sun.org.apache.xerces.internal.impl.XMLScanner.reportFatalError(Unknown Source)
INFO   | jvm 1    | 2018/01/21 22:57:30 | 	at com.sun.org.apache.xerces.internal.impl.XMLDocumentFragmentScannerImpl.scanEndElement(Unknown Source)
INFO   | jvm 1    | 2018/01/21 22:57:30 | 	at com.sun.org.apache.xerces.internal.impl.XMLDocumentFragmentScannerImpl$FragmentContentDriver.next(Unknown Source)
INFO   | jvm 1    | 2018/01/21 22:57:30 | 	at com.sun.org.apache.xerces.internal.impl.XMLDocumentScannerImpl.next(Unknown Source)
INFO   | jvm 1    | 2018/01/21 22:57:30 | 	at com.sun.org.apache.xerces.internal.impl.XMLNSDocumentScannerImpl.next(Unknown Source)
INFO   | jvm 1    | 2018/01/21 22:57:30 | 	at com.sun.org.apache.xerces.internal.impl.XMLDocumentFragmentScannerImpl.scanDocument(Unknown Source)
INFO   | jvm 1    | 2018/01/21 22:57:30 | 	at com.sun.org.apache.xerces.internal.parsers.XML11Configuration.parse(Unknown Source)
INFO   | jvm 1    | 2018/01/21 22:57:30 | 	at com.sun.org.apache.xerces.internal.parsers.XML11Configuration.parse(Unknown Source)
INFO   | jvm 1    | 2018/01/21 22:57:30 | 	at com.sun.org.apache.xerces.internal.parsers.XMLParser.parse(Unknown Source)
INFO   | jvm 1    | 2018/01/21 22:57:30 | 	at com.sun.org.apache.xerces.internal.parsers.DOMParser.parse(Unknown Source)
INFO   | jvm 1    | 2018/01/21 22:57:30 | 	at com.sun.org.apache.xerces.internal.jaxp.DocumentBuilderImpl.parse(Unknown Source)
INFO   | jvm 1    | 2018/01/21 22:57:30 | 	at org.springframework.beans.factory.xml.DefaultDocumentLoader.loadDocument(DefaultDocumentLoader.java:76)
INFO   | jvm 1    | 2018/01/21 22:57:30 | 	at org.springframework.beans.factory.xml.XmlBeanDefinitionReader.doLoadDocument(XmlBeanDefinitionReader.java:429)
INFO   | jvm 1    | 2018/01/21 22:57:30 | 	at org.springframework.beans.factory.xml.XmlBeanDefinitionReader.doLoadBeanDefinitions(XmlBeanDefinitionReader.java:391)
INFO   | jvm 1    | 2018/01/21 22:57:30 | 	... 31 more
STATUS | wrapper  | 2018/01/21 22:57:33 | <-- Wrapper Stopped
STATUS | wrapper  | 2018/01/21 22:58:19 | --> Wrapper Started as Console
STATUS | wrapper  | 2018/01/21 22:58:19 | Launching a JVM...
INFO   | jvm 1    | 2018/01/21 22:58:19 | Wrapper (Version 3.2.3) http://wrapper.tanukisoftware.org
INFO   | jvm 1    | 2018/01/21 22:58:19 |   Copyright 1999-2006 Tanuki Software, Inc.  All Rights Reserved.
INFO   | jvm 1    | 2018/01/21 22:58:19 | 
INFO   | jvm 1    | 2018/01/21 22:58:19 | Java Runtime: Oracle Corporation 1.8.0_65 C:\Program Files\Java\jre1.8.0_65
INFO   | jvm 1    | 2018/01/21 22:58:19 |   Heap sizes: current=125952k  free=116582k  max=932352k
INFO   | jvm 1    | 2018/01/21 22:58:19 |     JVM args: -Dactivemq.home=../.. -Dactivemq.base=../.. -Djavax.net.ssl.keyStorePassword=password -Djavax.net.ssl.trustStorePassword=password -Djavax.net.ssl.keyStore=../../conf/broker.ks -Djavax.net.ssl.trustStore=../../conf/broker.ts -Dcom.sun.management.jmxremote -Dorg.apache.activemq.UseDedicatedTaskRunner=true -Djava.util.logging.config.file=logging.properties -Dactivemq.conf=../../conf -Dactivemq.data=../../data -Djava.security.auth.login.config=../../conf/login.config -Xmx1024m -Djava.library.path=../../bin/win64 -Dwrapper.key=c2aWrqAsipN2Lw8s -Dwrapper.port=32000 -Dwrapper.jvm.port.min=31000 -Dwrapper.jvm.port.max=31999 -Dwrapper.pid=8380 -Dwrapper.version=3.2.3 -Dwrapper.native_library=wrapper -Dwrapper.cpu.timeout=10 -Dwrapper.jvmid=1
INFO   | jvm 1    | 2018/01/21 22:58:19 | Extensions classpath:
INFO   | jvm 1    | 2018/01/21 22:58:19 |   [..\..\lib,..\..\lib\camel,..\..\lib\optional,..\..\lib\web,..\..\lib\extra]
INFO   | jvm 1    | 2018/01/21 22:58:19 | ACTIVEMQ_HOME: ..\..
INFO   | jvm 1    | 2018/01/21 22:58:19 | ACTIVEMQ_BASE: ..\..
INFO   | jvm 1    | 2018/01/21 22:58:19 | ACTIVEMQ_CONF: ..\..\conf
INFO   | jvm 1    | 2018/01/21 22:58:19 | ACTIVEMQ_DATA: ..\..\data
INFO   | jvm 1    | 2018/01/21 22:58:20 | Loading message broker from: xbean:activemq.xml
INFO   | jvm 1    | 2018/01/21 22:58:20 |  INFO | Refreshing org.apache.activemq.xbean.XBeanBrokerFactory$1@5f115fc4: startup date [Sun Jan 21 22:58:20 CST 2018]; root of context hierarchy
INFO   | jvm 1    | 2018/01/21 22:58:21 |  INFO | Using Persistence Adapter: KahaDBPersistenceAdapter[C:\Users\lenovo\Desktop\apache-activemq-5.15.2\bin\win64\..\..\data\kahadb]
INFO   | jvm 1    | 2018/01/21 22:58:21 |  INFO | KahaDB is version 6
INFO   | jvm 1    | 2018/01/21 22:58:21 |  INFO | PListStore:[C:\Users\lenovo\Desktop\apache-activemq-5.15.2\bin\win64\..\..\data\localhost\tmp_storage] started
INFO   | jvm 1    | 2018/01/21 22:58:21 |  INFO | Apache ActiveMQ 5.15.2 (localhost, ID:DESKTOP-4NI5HM1-53414-1516546701338-0:1) is starting
INFO   | jvm 1    | 2018/01/21 22:58:21 |  INFO | Listening for connections at: tcp://DESKTOP-4NI5HM1:61616?maximumConnections=1000&wireFormat.maxFrameSize=104857600
INFO   | jvm 1    | 2018/01/21 22:58:21 |  INFO | Connector openwire started
INFO   | jvm 1    | 2018/01/21 22:58:21 |  INFO | Listening for connections at: amqp://DESKTOP-4NI5HM1:5672?maximumConnections=1000&wireFormat.maxFrameSize=104857600
INFO   | jvm 1    | 2018/01/21 22:58:21 |  INFO | Connector amqp started
INFO   | jvm 1    | 2018/01/21 22:58:21 |  INFO | Listening for connections at: stomp://DESKTOP-4NI5HM1:61613?maximumConnections=1000&wireFormat.maxFrameSize=104857600
INFO   | jvm 1    | 2018/01/21 22:58:21 |  INFO | Connector stomp started
INFO   | jvm 1    | 2018/01/21 22:58:21 |  INFO | Listening for connections at: mqtt://DESKTOP-4NI5HM1:1883?maximumConnections=1000&wireFormat.maxFrameSize=104857600
INFO   | jvm 1    | 2018/01/21 22:58:21 |  INFO | Connector mqtt started
INFO   | jvm 1    | 2018/01/21 22:58:21 |  WARN | ServletContext@o.e.j.s.ServletContextHandler@7e2b5ed3{/,null,STARTING} has uncovered http methods for path: /
INFO   | jvm 1    | 2018/01/21 22:58:21 |  INFO | Listening for connections at ws://DESKTOP-4NI5HM1:61614?maximumConnections=1000&wireFormat.maxFrameSize=104857600
INFO   | jvm 1    | 2018/01/21 22:58:21 |  INFO | Connector ws started
INFO   | jvm 1    | 2018/01/21 22:58:21 |  INFO | Apache ActiveMQ 5.15.2 (localhost, ID:DESKTOP-4NI5HM1-53414-1516546701338-0:1) started
INFO   | jvm 1    | 2018/01/21 22:58:21 |  INFO | For help or more information please see: http://activemq.apache.org
INFO   | jvm 1    | 2018/01/21 22:58:21 |  WARN | Store limit is 102400 mb (current store usage is 0 mb). The data directory: C:\Users\lenovo\Desktop\apache-activemq-5.15.2\bin\win64\..\..\data\kahadb only has 56333 mb of usable space. - resetting to maximum available disk space: 56333 mb
INFO   | jvm 1    | 2018/01/21 22:58:22 |  INFO | No Spring WebApplicationInitializer types detected on classpath
INFO   | jvm 1    | 2018/01/21 22:58:22 |  INFO | ActiveMQ WebConsole available at http://0.0.0.0:8161/
INFO   | jvm 1    | 2018/01/21 22:58:22 |  INFO | ActiveMQ Jolokia REST API available at http://0.0.0.0:8161/api/jolokia/
INFO   | jvm 1    | 2018/01/21 22:58:22 |  INFO | Initializing Spring FrameworkServlet 'dispatcher'
INFO   | jvm 1    | 2018/01/21 22:58:23 |  INFO | No Spring WebApplicationInitializer types detected on classpath
INFO   | jvm 1    | 2018/01/21 22:58:23 |  INFO | jolokia-agent: Using policy access restrictor classpath:/jolokia-access.xml
INFO   | jvm 1    | 2018/01/21 22:58:34 |  WARN | Failed to add Connection id=ID:DESKTOP-4NI5HM1-53424-1516546713797-1:1, clientId=ID:DESKTOP-4NI5HM1-53424-1516546713797-0:1 due to {}
INFO   | jvm 1    | 2018/01/21 22:58:34 | java.lang.SecurityException: User name [null] or password is invalid.
INFO   | jvm 1    | 2018/01/21 22:58:34 | 	at org.apache.activemq.security.SimpleAuthenticationBroker.authenticate(SimpleAuthenticationBroker.java:103)[activemq-broker-5.15.2.jar:5.15.2]
INFO   | jvm 1    | 2018/01/21 22:58:34 | 	at org.apache.activemq.security.SimpleAuthenticationBroker.addConnection(SimpleAuthenticationBroker.java:71)[activemq-broker-5.15.2.jar:5.15.2]
INFO   | jvm 1    | 2018/01/21 22:58:34 | 	at org.apache.activemq.broker.BrokerFilter.addConnection(BrokerFilter.java:99)[activemq-broker-5.15.2.jar:5.15.2]
INFO   | jvm 1    | 2018/01/21 22:58:34 | 	at org.apache.activemq.broker.TransportConnection.processAddConnection(TransportConnection.java:843)[activemq-broker-5.15.2.jar:5.15.2]
INFO   | jvm 1    | 2018/01/21 22:58:34 | 	at org.apache.activemq.broker.jmx.ManagedTransportConnection.processAddConnection(ManagedTransportConnection.java:77)[activemq-broker-5.15.2.jar:5.15.2]
INFO   | jvm 1    | 2018/01/21 22:58:34 | 	at org.apache.activemq.command.ConnectionInfo.visit(ConnectionInfo.java:139)[activemq-client-5.15.2.jar:5.15.2]
INFO   | jvm 1    | 2018/01/21 22:58:34 | 	at org.apache.activemq.broker.TransportConnection.service(TransportConnection.java:330)[activemq-broker-5.15.2.jar:5.15.2]
INFO   | jvm 1    | 2018/01/21 22:58:34 | 	at org.apache.activemq.broker.TransportConnection$1.onCommand(TransportConnection.java:194)[activemq-broker-5.15.2.jar:5.15.2]
INFO   | jvm 1    | 2018/01/21 22:58:34 | 	at org.apache.activemq.transport.MutexTransport.onCommand(MutexTransport.java:50)[activemq-client-5.15.2.jar:5.15.2]
INFO   | jvm 1    | 2018/01/21 22:58:34 | 	at org.apache.activemq.transport.WireFormatNegotiator.onCommand(WireFormatNegotiator.java:125)[activemq-client-5.15.2.jar:5.15.2]
INFO   | jvm 1    | 2018/01/21 22:58:34 | 	at org.apache.activemq.transport.AbstractInactivityMonitor.onCommand(AbstractInactivityMonitor.java:301)[activemq-client-5.15.2.jar:5.15.2]
INFO   | jvm 1    | 2018/01/21 22:58:34 | 	at org.apache.activemq.transport.TransportSupport.doConsume(TransportSupport.java:83)[activemq-client-5.15.2.jar:5.15.2]
INFO   | jvm 1    | 2018/01/21 22:58:34 | 	at org.apache.activemq.transport.tcp.TcpTransport.doRun(TcpTransport.java:233)[activemq-client-5.15.2.jar:5.15.2]
INFO   | jvm 1    | 2018/01/21 22:58:34 | 	at org.apache.activemq.transport.tcp.TcpTransport.run(TcpTransport.java:215)[activemq-client-5.15.2.jar:5.15.2]
INFO   | jvm 1    | 2018/01/21 22:58:34 | 	at java.lang.Thread.run(Unknown Source)[:1.8.0_65]
INFO   | jvm 1    | 2018/01/21 22:58:34 |  WARN | Security Error occurred on connection to: tcp://127.0.0.1:53425, User name [null] or password is invalid.
INFO   | jvm 1    | 2018/01/21 22:58:36 |  INFO | Stopping tcp://127.0.0.1:53425 because Failed with SecurityException: User name [null] or password is invalid.
INFO   | jvm 1    | 2018/01/21 22:59:37 |  WARN | Transport Connection to: tcp://127.0.0.1:53431 failed: java.net.SocketException: Connection reset
INFO   | jvm 1    | 2018/01/21 22:59:38 |  WARN | Transport Connection to: tcp://127.0.0.1:53427 failed: java.net.SocketException: Connection reset
INFO   | jvm 1    | 2018/01/21 23:00:04 |  WARN | Transport Connection to: tcp://127.0.0.1:53433 failed: java.net.SocketException: Connection reset
INFO   | jvm 1    | 2018/01/21 23:00:05 |  WARN | Transport Connection to: tcp://127.0.0.1:53438 failed: java.net.SocketException: Connection reset
